[debug] [2025-07-01T01:21:56.487Z] ----------------------------------------------------------------------
[debug] [2025-07-01T01:21:56.489Z] Command:       C:\nvm4w\nodejs\node.exe C:\nvm4w\nodejs\node_modules\firebase-tools\lib\bin\firebase.js init
[debug] [2025-07-01T01:21:56.490Z] CLI Version:   14.9.0
[debug] [2025-07-01T01:21:56.490Z] Platform:      win32
[debug] [2025-07-01T01:21:56.490Z] Node Version:  v20.19.3
[debug] [2025-07-01T01:21:56.490Z] Time:          Mon Jun 30 2025 19:21:56 GMT-0600 (hora estándar central)
[debug] [2025-07-01T01:21:56.490Z] ----------------------------------------------------------------------
[debug] 
[debug] [2025-07-01T01:21:56.668Z] > command requires scopes: ["email","openid","https://www.googleapis.com/auth/cloudplatformprojects.readonly","https://www.googleapis.com/auth/firebase","https://www.googleapis.com/auth/cloud-platform"]
[debug] [2025-07-01T01:21:56.668Z] > authorizing via signed-in user (anrealba9@gmail.com)
[info] 
     ######## #### ########  ######## ########     ###     ######  ########
     ##        ##  ##     ## ##       ##     ##  ##   ##  ##       ##
     ######    ##  ########  ######   ########  #########  ######  ######
     ##        ##  ##    ##  ##       ##     ## ##     ##       ## ##
     ##       #### ##     ## ######## ########  ##     ##  ######  ########

You're about to initialize a Firebase project in this directory:

  C:\Users\anrea\Documents\atom\tasks-frontend

Before we get started, keep in mind:

  * You are initializing within an existing Firebase project directory

[debug] [2025-07-01T01:24:05.905Z] ExitPromptError: User force closed the prompt with SIGINT
    at Interface.sigint (C:\Users\Angel (GASPRE)\AppData\Roaming\nvm\v20.19.3\node_modules\firebase-tools\node_modules\@inquirer\core\dist\commonjs\lib\create-prompt.js:101:37)
    at Interface.emit (node:events:524:28)
    at Interface.emit (node:domain:489:12)
    at [_ttyWrite] [as _ttyWrite] (node:internal/readline/interface:1125:18)
    at ReadStream.onkeypress (node:internal/readline/interface:264:20)
    at ReadStream.emit (node:events:536:35)
    at ReadStream.emit (node:domain:489:12)
    at emitKeys (node:internal/readline/utils:371:14)
    at emitKeys.next (<anonymous>)
    at ReadStream.onData (node:internal/readline/emitKeypressEvents:64:36)
[error] 
[error] Error: An unexpected error has occurred.
